<?xml version="1.0" encoding="UTF-8"?>
<testng-results ignored="0" total="0" passed="0" failed="0" skipped="0">
  <reporter-output>
  </reporter-output>
  <suite started-at="2024-01-03T00:25:49 EST" name="Default suite" finished-at="2024-01-03T00:25:49 EST" duration-ms="203">
    <groups>
      <group name="cucumber">
        <method signature="AbstractTestNGCucumberTests.runScenario(io.cucumber.testng.PickleWrapper,io.cucumber.testng.FeatureWrapper)[pri:0, instance:runner.testrunner_dsalgo@6ad82709]" name="runScenario" class="io.cucumber.testng.AbstractTestNGCucumberTests"/>
      </group> <!-- cucumber -->
    </groups>
    <test started-at="2024-01-03T00:25:49 EST" name="Default test" finished-at="2024-01-03T00:25:49 EST" duration-ms="203">
      <class name="runner.testrunner_dsalgo">
        <test-method is-config="true" signature="setUpClass(org.testng.ITestContext)[pri:0, instance:runner.testrunner_dsalgo@6ad82709]" started-at="2024-01-03T00:25:49 EST" name="setUpClass" finished-at="2024-01-03T00:25:49 EST" duration-ms="166" status="PASS">
          <params>
            <param index="0">
              <value>
                <![CDATA[org.testng.TestRunner@2cb2fc20]]>
              </value>
            </param>
          </params>
          <reporter-output>
          </reporter-output>
        </test-method> <!-- setUpClass -->
        <test-method is-config="true" signature="tearDownClass()[pri:0, instance:runner.testrunner_dsalgo@6ad82709]" started-at="2024-01-03T00:25:49 EST" name="tearDownClass" finished-at="2024-01-03T00:25:49 EST" duration-ms="3" status="PASS">
          <reporter-output>
          </reporter-output>
        </test-method> <!-- tearDownClass -->
      </class> <!-- runner.testrunner_dsalgo -->
    </test> <!-- Default test -->
  </suite> <!-- Default suite -->
</testng-results>
